<?xml version="1.0" encoding="UTF-8"?>
<testsuite xmlns:xsi="http://www.w3.org/2001/XMLSchema-instance" xsi:noNamespaceSchemaLocation="https://maven.apache.org/surefire/maven-surefire-plugin/xsd/surefire-test-report.xsd" name="com.project.Project.ProjectApplicationTests" time="30.259" tests="1" errors="0" skipped="0" failures="0">
  <properties>
    <property name="java.specification.version" value="17"/>
    <property name="sun.cpu.isalist" value="amd64"/>
    <property name="sun.jnu.encoding" value="Cp1252"/>
    <property name="java.class.path" value="C:\Users\hp\Desktop\Project_1\Project\target\test-classes;C:\Users\hp\Desktop\Project_1\Project\target\classes;C:\Users\hp\.m2\repository\org\springframework\boot\spring-boot-starter-data-jpa\3.0.0-SNAPSHOT\spring-boot-starter-data-jpa-3.0.0-SNAPSHOT.jar;C:\Users\hp\.m2\repository\org\springframework\boot\spring-boot-starter-aop\3.0.0-SNAPSHOT\spring-boot-starter-aop-3.0.0-SNAPSHOT.jar;C:\Users\hp\.m2\repository\org\aspectj\aspectjweaver\1.9.7\aspectjweaver-1.9.7.jar;C:\Users\hp\.m2\repository\org\springframework\boot\spring-boot-starter-jdbc\3.0.0-SNAPSHOT\spring-boot-starter-jdbc-3.0.0-SNAPSHOT.jar;C:\Users\hp\.m2\repository\com\zaxxer\HikariCP\5.0.1\HikariCP-5.0.1.jar;C:\Users\hp\.m2\repository\org\springframework\spring-jdbc\6.0.0-M3\spring-jdbc-6.0.0-M3.jar;C:\Users\hp\.m2\repository\org\hibernate\hibernate-core-jakarta\5.6.7.Final\hibernate-core-jakarta-5.6.7.Final.jar;C:\Users\hp\.m2\repository\org\jboss\logging\jboss-logging\3.4.3.Final\jboss-logging-3.4.3.Final.jar;C:\Users\hp\.m2\repository\jakarta\persistence\jakarta.persistence-api\3.0.0\jakarta.persistence-api-3.0.0.jar;C:\Users\hp\.m2\repository\net\bytebuddy\byte-buddy\1.12.8\byte-buddy-1.12.8.jar;C:\Users\hp\.m2\repository\antlr\antlr\2.7.7\antlr-2.7.7.jar;C:\Users\hp\.m2\repository\jakarta\transaction\jakarta.transaction-api\2.0.0\jakarta.transaction-api-2.0.0.jar;C:\Users\hp\.m2\repository\org\jboss\jandex\2.4.2.Final\jandex-2.4.2.Final.jar;C:\Users\hp\.m2\repository\com\fasterxml\classmate\1.5.1\classmate-1.5.1.jar;C:\Users\hp\.m2\repository\org\dom4j\dom4j\2.1.3\dom4j-2.1.3.jar;C:\Users\hp\.m2\repository\org\hibernate\common\hibernate-commons-annotations\5.1.2.Final\hibernate-commons-annotations-5.1.2.Final.jar;C:\Users\hp\.m2\repository\org\glassfish\jaxb\jaxb-runtime\3.0.2\jaxb-runtime-3.0.2.jar;C:\Users\hp\.m2\repository\org\glassfish\jaxb\jaxb-core\3.0.2\jaxb-core-3.0.2.jar;C:\Users\hp\.m2\repository\org\glassfish\jaxb\txw2\3.0.2\txw2-3.0.2.jar;C:\Users\hp\.m2\repository\com\sun\istack\istack-commons-runtime\4.0.1\istack-commons-runtime-4.0.1.jar;C:\Users\hp\.m2\repository\org\springframework\data\spring-data-jpa\3.0.0-SNAPSHOT\spring-data-jpa-3.0.0-SNAPSHOT.jar;C:\Users\hp\.m2\repository\org\springframework\data\spring-data-commons\3.0.0-SNAPSHOT\spring-data-commons-3.0.0-SNAPSHOT.jar;C:\Users\hp\.m2\repository\org\springframework\spring-orm\6.0.0-M3\spring-orm-6.0.0-M3.jar;C:\Users\hp\.m2\repository\org\springframework\spring-context\6.0.0-M3\spring-context-6.0.0-M3.jar;C:\Users\hp\.m2\repository\org\springframework\spring-tx\6.0.0-M3\spring-tx-6.0.0-M3.jar;C:\Users\hp\.m2\repository\org\springframework\spring-beans\6.0.0-M3\spring-beans-6.0.0-M3.jar;C:\Users\hp\.m2\repository\jakarta\annotation\jakarta.annotation-api\2.0.0\jakarta.annotation-api-2.0.0.jar;C:\Users\hp\.m2\repository\org\springframework\spring-aspects\6.0.0-M3\spring-aspects-6.0.0-M3.jar;C:\Users\hp\.m2\repository\org\springframework\boot\spring-boot-starter-thymeleaf\3.0.0-SNAPSHOT\spring-boot-starter-thymeleaf-3.0.0-SNAPSHOT.jar;C:\Users\hp\.m2\repository\org\springframework\boot\spring-boot-starter\3.0.0-SNAPSHOT\spring-boot-starter-3.0.0-SNAPSHOT.jar;C:\Users\hp\.m2\repository\org\springframework\boot\spring-boot-starter-logging\3.0.0-SNAPSHOT\spring-boot-starter-logging-3.0.0-SNAPSHOT.jar;C:\Users\hp\.m2\repository\ch\qos\logback\logback-classic\1.2.11\logback-classic-1.2.11.jar;C:\Users\hp\.m2\repository\ch\qos\logback\logback-core\1.2.11\logback-core-1.2.11.jar;C:\Users\hp\.m2\repository\org\apache\logging\log4j\log4j-to-slf4j\2.17.2\log4j-to-slf4j-2.17.2.jar;C:\Users\hp\.m2\repository\org\apache\logging\log4j\log4j-api\2.17.2\log4j-api-2.17.2.jar;C:\Users\hp\.m2\repository\org\slf4j\jul-to-slf4j\1.7.36\jul-to-slf4j-1.7.36.jar;C:\Users\hp\.m2\repository\org\yaml\snakeyaml\1.30\snakeyaml-1.30.jar;C:\Users\hp\.m2\repository\org\thymeleaf\thymeleaf-spring6\3.1.0.M1\thymeleaf-spring6-3.1.0.M1.jar;C:\Users\hp\.m2\repository\org\thymeleaf\thymeleaf\3.1.0.M1\thymeleaf-3.1.0.M1.jar;C:\Users\hp\.m2\repository\org\attoparser\attoparser\2.0.5.RELEASE\attoparser-2.0.5.RELEASE.jar;C:\Users\hp\.m2\repository\org\unbescape\unbescape\1.1.6.RELEASE\unbescape-1.1.6.RELEASE.jar;C:\Users\hp\.m2\repository\org\thymeleaf\extras\thymeleaf-extras-java8time\3.0.4.RELEASE\thymeleaf-extras-java8time-3.0.4.RELEASE.jar;C:\Users\hp\.m2\repository\org\thymeleaf\extras\thymeleaf-extras-springsecurity5\3.0.4.RELEASE\thymeleaf-extras-springsecurity5-3.0.4.RELEASE.jar;C:\Users\hp\.m2\repository\org\slf4j\slf4j-api\1.7.36\slf4j-api-1.7.36.jar;C:\Users\hp\.m2\repository\org\springframework\boot\spring-boot-starter-web\3.0.0-SNAPSHOT\spring-boot-starter-web-3.0.0-SNAPSHOT.jar;C:\Users\hp\.m2\repository\org\springframework\boot\spring-boot-starter-json\3.0.0-SNAPSHOT\spring-boot-starter-json-3.0.0-SNAPSHOT.jar;C:\Users\hp\.m2\repository\com\fasterxml\jackson\core\jackson-databind\2.13.2\jackson-databind-2.13.2.jar;C:\Users\hp\.m2\repository\com\fasterxml\jackson\core\jackson-annotations\2.13.2\jackson-annotations-2.13.2.jar;C:\Users\hp\.m2\repository\com\fasterxml\jackson\core\jackson-core\2.13.2\jackson-core-2.13.2.jar;C:\Users\hp\.m2\repository\com\fasterxml\jackson\datatype\jackson-datatype-jdk8\2.13.2\jackson-datatype-jdk8-2.13.2.jar;C:\Users\hp\.m2\repository\com\fasterxml\jackson\datatype\jackson-datatype-jsr310\2.13.2\jackson-datatype-jsr310-2.13.2.jar;C:\Users\hp\.m2\repository\com\fasterxml\jackson\module\jackson-module-parameter-names\2.13.2\jackson-module-parameter-names-2.13.2.jar;C:\Users\hp\.m2\repository\org\springframework\boot\spring-boot-starter-tomcat\3.0.0-SNAPSHOT\spring-boot-starter-tomcat-3.0.0-SNAPSHOT.jar;C:\Users\hp\.m2\repository\org\apache\tomcat\embed\tomcat-embed-core\10.0.18\tomcat-embed-core-10.0.18.jar;C:\Users\hp\.m2\repository\org\apache\tomcat\embed\tomcat-embed-el\10.0.18\tomcat-embed-el-10.0.18.jar;C:\Users\hp\.m2\repository\org\apache\tomcat\embed\tomcat-embed-websocket\10.0.18\tomcat-embed-websocket-10.0.18.jar;C:\Users\hp\.m2\repository\org\springframework\spring-web\6.0.0-M3\spring-web-6.0.0-M3.jar;C:\Users\hp\.m2\repository\org\springframework\spring-webmvc\6.0.0-M3\spring-webmvc-6.0.0-M3.jar;C:\Users\hp\.m2\repository\org\springframework\spring-expression\6.0.0-M3\spring-expression-6.0.0-M3.jar;C:\Users\hp\.m2\repository\org\springframework\boot\spring-boot-starter-security\3.0.0-SNAPSHOT\spring-boot-starter-security-3.0.0-SNAPSHOT.jar;C:\Users\hp\.m2\repository\org\springframework\spring-aop\6.0.0-M3\spring-aop-6.0.0-M3.jar;C:\Users\hp\.m2\repository\org\springframework\security\spring-security-config\6.0.0-SNAPSHOT\spring-security-config-6.0.0-SNAPSHOT.jar;C:\Users\hp\.m2\repository\org\springframework\security\spring-security-core\6.0.0-SNAPSHOT\spring-security-core-6.0.0-SNAPSHOT.jar;C:\Users\hp\.m2\repository\org\springframework\security\spring-security-crypto\6.0.0-SNAPSHOT\spring-security-crypto-6.0.0-SNAPSHOT.jar;C:\Users\hp\.m2\repository\org\springframework\security\spring-security-web\6.0.0-SNAPSHOT\spring-security-web-6.0.0-SNAPSHOT.jar;C:\Users\hp\.m2\repository\org\springframework\boot\spring-boot-devtools\3.0.0-SNAPSHOT\spring-boot-devtools-3.0.0-SNAPSHOT.jar;C:\Users\hp\.m2\repository\org\springframework\boot\spring-boot\3.0.0-SNAPSHOT\spring-boot-3.0.0-SNAPSHOT.jar;C:\Users\hp\.m2\repository\org\springframework\boot\spring-boot-autoconfigure\3.0.0-SNAPSHOT\spring-boot-autoconfigure-3.0.0-SNAPSHOT.jar;C:\Users\hp\.m2\repository\mysql\mysql-connector-java\8.0.28\mysql-connector-java-8.0.28.jar;C:\Users\hp\.m2\repository\org\springframework\boot\spring-boot-starter-test\3.0.0-SNAPSHOT\spring-boot-starter-test-3.0.0-SNAPSHOT.jar;C:\Users\hp\.m2\repository\org\springframework\boot\spring-boot-test\3.0.0-SNAPSHOT\spring-boot-test-3.0.0-SNAPSHOT.jar;C:\Users\hp\.m2\repository\org\springframework\boot\spring-boot-test-autoconfigure\3.0.0-SNAPSHOT\spring-boot-test-autoconfigure-3.0.0-SNAPSHOT.jar;C:\Users\hp\.m2\repository\com\jayway\jsonpath\json-path\2.7.0\json-path-2.7.0.jar;C:\Users\hp\.m2\repository\net\minidev\json-smart\2.4.8\json-smart-2.4.8.jar;C:\Users\hp\.m2\repository\net\minidev\accessors-smart\2.4.8\accessors-smart-2.4.8.jar;C:\Users\hp\.m2\repository\org\ow2\asm\asm\9.1\asm-9.1.jar;C:\Users\hp\.m2\repository\jakarta\xml\bind\jakarta.xml.bind-api\3.0.1\jakarta.xml.bind-api-3.0.1.jar;C:\Users\hp\.m2\repository\com\sun\activation\jakarta.activation\2.0.1\jakarta.activation-2.0.1.jar;C:\Users\hp\.m2\repository\org\assertj\assertj-core\3.22.0\assertj-core-3.22.0.jar;C:\Users\hp\.m2\repository\org\hamcrest\hamcrest\2.2\hamcrest-2.2.jar;C:\Users\hp\.m2\repository\org\junit\jupiter\junit-jupiter\5.8.2\junit-jupiter-5.8.2.jar;C:\Users\hp\.m2\repository\org\junit\jupiter\junit-jupiter-api\5.8.2\junit-jupiter-api-5.8.2.jar;C:\Users\hp\.m2\repository\org\opentest4j\opentest4j\1.2.0\opentest4j-1.2.0.jar;C:\Users\hp\.m2\repository\org\junit\platform\junit-platform-commons\1.8.2\junit-platform-commons-1.8.2.jar;C:\Users\hp\.m2\repository\org\apiguardian\apiguardian-api\1.1.2\apiguardian-api-1.1.2.jar;C:\Users\hp\.m2\repository\org\junit\jupiter\junit-jupiter-params\5.8.2\junit-jupiter-params-5.8.2.jar;C:\Users\hp\.m2\repository\org\junit\jupiter\junit-jupiter-engine\5.8.2\junit-jupiter-engine-5.8.2.jar;C:\Users\hp\.m2\repository\org\junit\platform\junit-platform-engine\1.8.2\junit-platform-engine-1.8.2.jar;C:\Users\hp\.m2\repository\org\mockito\mockito-core\4.4.0\mockito-core-4.4.0.jar;C:\Users\hp\.m2\repository\net\bytebuddy\byte-buddy-agent\1.12.8\byte-buddy-agent-1.12.8.jar;C:\Users\hp\.m2\repository\org\objenesis\objenesis\3.2\objenesis-3.2.jar;C:\Users\hp\.m2\repository\org\mockito\mockito-junit-jupiter\4.4.0\mockito-junit-jupiter-4.4.0.jar;C:\Users\hp\.m2\repository\org\skyscreamer\jsonassert\1.5.0\jsonassert-1.5.0.jar;C:\Users\hp\.m2\repository\com\vaadin\external\google\android-json\0.0.20131108.vaadin1\android-json-0.0.20131108.vaadin1.jar;C:\Users\hp\.m2\repository\org\springframework\spring-core\6.0.0-M3\spring-core-6.0.0-M3.jar;C:\Users\hp\.m2\repository\org\springframework\spring-jcl\6.0.0-M3\spring-jcl-6.0.0-M3.jar;C:\Users\hp\.m2\repository\org\springframework\spring-test\6.0.0-M3\spring-test-6.0.0-M3.jar;C:\Users\hp\.m2\repository\org\xmlunit\xmlunit-core\2.9.0\xmlunit-core-2.9.0.jar;"/>
    <property name="java.vm.vendor" value="Eclipse Adoptium"/>
    <property name="sun.arch.data.model" value="64"/>
    <property name="user.variant" value=""/>
    <property name="java.vendor.url" value="https://adoptium.net/"/>
    <property name="user.timezone" value="Asia/Calcutta"/>
    <property name="os.name" value="Windows 10"/>
    <property name="java.vm.specification.version" value="17"/>
    <property name="sun.java.launcher" value="SUN_STANDARD"/>
    <property name="user.country" value="IN"/>
    <property name="sun.boot.library.path" value="C:\Users\hp\.p2\pool\plugins\org.eclipse.justj.openjdk.hotspot.jre.full.win32.x86_64_17.0.2.v20220201-1208\jre\bin"/>
    <property name="sun.java.command" value="C:\Users\hp\AppData\Local\Temp\surefire8443136181181097823\surefirebooter12990726527984340724.jar C:\Users\hp\AppData\Local\Temp\surefire8443136181181097823 2022-03-19T22-23-36_656-jvmRun1 surefire6394075743091257019tmp surefire_014362087204258370856tmp"/>
    <property name="jdk.debug" value="release"/>
    <property name="surefire.test.class.path" value="C:\Users\hp\Desktop\Project_1\Project\target\test-classes;C:\Users\hp\Desktop\Project_1\Project\target\classes;C:\Users\hp\.m2\repository\org\springframework\boot\spring-boot-starter-data-jpa\3.0.0-SNAPSHOT\spring-boot-starter-data-jpa-3.0.0-SNAPSHOT.jar;C:\Users\hp\.m2\repository\org\springframework\boot\spring-boot-starter-aop\3.0.0-SNAPSHOT\spring-boot-starter-aop-3.0.0-SNAPSHOT.jar;C:\Users\hp\.m2\repository\org\aspectj\aspectjweaver\1.9.7\aspectjweaver-1.9.7.jar;C:\Users\hp\.m2\repository\org\springframework\boot\spring-boot-starter-jdbc\3.0.0-SNAPSHOT\spring-boot-starter-jdbc-3.0.0-SNAPSHOT.jar;C:\Users\hp\.m2\repository\com\zaxxer\HikariCP\5.0.1\HikariCP-5.0.1.jar;C:\Users\hp\.m2\repository\org\springframework\spring-jdbc\6.0.0-M3\spring-jdbc-6.0.0-M3.jar;C:\Users\hp\.m2\repository\org\hibernate\hibernate-core-jakarta\5.6.7.Final\hibernate-core-jakarta-5.6.7.Final.jar;C:\Users\hp\.m2\repository\org\jboss\logging\jboss-logging\3.4.3.Final\jboss-logging-3.4.3.Final.jar;C:\Users\hp\.m2\repository\jakarta\persistence\jakarta.persistence-api\3.0.0\jakarta.persistence-api-3.0.0.jar;C:\Users\hp\.m2\repository\net\bytebuddy\byte-buddy\1.12.8\byte-buddy-1.12.8.jar;C:\Users\hp\.m2\repository\antlr\antlr\2.7.7\antlr-2.7.7.jar;C:\Users\hp\.m2\repository\jakarta\transaction\jakarta.transaction-api\2.0.0\jakarta.transaction-api-2.0.0.jar;C:\Users\hp\.m2\repository\org\jboss\jandex\2.4.2.Final\jandex-2.4.2.Final.jar;C:\Users\hp\.m2\repository\com\fasterxml\classmate\1.5.1\classmate-1.5.1.jar;C:\Users\hp\.m2\repository\org\dom4j\dom4j\2.1.3\dom4j-2.1.3.jar;C:\Users\hp\.m2\repository\org\hibernate\common\hibernate-commons-annotations\5.1.2.Final\hibernate-commons-annotations-5.1.2.Final.jar;C:\Users\hp\.m2\repository\org\glassfish\jaxb\jaxb-runtime\3.0.2\jaxb-runtime-3.0.2.jar;C:\Users\hp\.m2\repository\org\glassfish\jaxb\jaxb-core\3.0.2\jaxb-core-3.0.2.jar;C:\Users\hp\.m2\repository\org\glassfish\jaxb\txw2\3.0.2\txw2-3.0.2.jar;C:\Users\hp\.m2\repository\com\sun\istack\istack-commons-runtime\4.0.1\istack-commons-runtime-4.0.1.jar;C:\Users\hp\.m2\repository\org\springframework\data\spring-data-jpa\3.0.0-SNAPSHOT\spring-data-jpa-3.0.0-SNAPSHOT.jar;C:\Users\hp\.m2\repository\org\springframework\data\spring-data-commons\3.0.0-SNAPSHOT\spring-data-commons-3.0.0-SNAPSHOT.jar;C:\Users\hp\.m2\repository\org\springframework\spring-orm\6.0.0-M3\spring-orm-6.0.0-M3.jar;C:\Users\hp\.m2\repository\org\springframework\spring-context\6.0.0-M3\spring-context-6.0.0-M3.jar;C:\Users\hp\.m2\repository\org\springframework\spring-tx\6.0.0-M3\spring-tx-6.0.0-M3.jar;C:\Users\hp\.m2\repository\org\springframework\spring-beans\6.0.0-M3\spring-beans-6.0.0-M3.jar;C:\Users\hp\.m2\repository\jakarta\annotation\jakarta.annotation-api\2.0.0\jakarta.annotation-api-2.0.0.jar;C:\Users\hp\.m2\repository\org\springframework\spring-aspects\6.0.0-M3\spring-aspects-6.0.0-M3.jar;C:\Users\hp\.m2\repository\org\springframework\boot\spring-boot-starter-thymeleaf\3.0.0-SNAPSHOT\spring-boot-starter-thymeleaf-3.0.0-SNAPSHOT.jar;C:\Users\hp\.m2\repository\org\springframework\boot\spring-boot-starter\3.0.0-SNAPSHOT\spring-boot-starter-3.0.0-SNAPSHOT.jar;C:\Users\hp\.m2\repository\org\springframework\boot\spring-boot-starter-logging\3.0.0-SNAPSHOT\spring-boot-starter-logging-3.0.0-SNAPSHOT.jar;C:\Users\hp\.m2\repository\ch\qos\logback\logback-classic\1.2.11\logback-classic-1.2.11.jar;C:\Users\hp\.m2\repository\ch\qos\logback\logback-core\1.2.11\logback-core-1.2.11.jar;C:\Users\hp\.m2\repository\org\apache\logging\log4j\log4j-to-slf4j\2.17.2\log4j-to-slf4j-2.17.2.jar;C:\Users\hp\.m2\repository\org\apache\logging\log4j\log4j-api\2.17.2\log4j-api-2.17.2.jar;C:\Users\hp\.m2\repository\org\slf4j\jul-to-slf4j\1.7.36\jul-to-slf4j-1.7.36.jar;C:\Users\hp\.m2\repository\org\yaml\snakeyaml\1.30\snakeyaml-1.30.jar;C:\Users\hp\.m2\repository\org\thymeleaf\thymeleaf-spring6\3.1.0.M1\thymeleaf-spring6-3.1.0.M1.jar;C:\Users\hp\.m2\repository\org\thymeleaf\thymeleaf\3.1.0.M1\thymeleaf-3.1.0.M1.jar;C:\Users\hp\.m2\repository\org\attoparser\attoparser\2.0.5.RELEASE\attoparser-2.0.5.RELEASE.jar;C:\Users\hp\.m2\repository\org\unbescape\unbescape\1.1.6.RELEASE\unbescape-1.1.6.RELEASE.jar;C:\Users\hp\.m2\repository\org\thymeleaf\extras\thymeleaf-extras-java8time\3.0.4.RELEASE\thymeleaf-extras-java8time-3.0.4.RELEASE.jar;C:\Users\hp\.m2\repository\org\thymeleaf\extras\thymeleaf-extras-springsecurity5\3.0.4.RELEASE\thymeleaf-extras-springsecurity5-3.0.4.RELEASE.jar;C:\Users\hp\.m2\repository\org\slf4j\slf4j-api\1.7.36\slf4j-api-1.7.36.jar;C:\Users\hp\.m2\repository\org\springframework\boot\spring-boot-starter-web\3.0.0-SNAPSHOT\spring-boot-starter-web-3.0.0-SNAPSHOT.jar;C:\Users\hp\.m2\repository\org\springframework\boot\spring-boot-starter-json\3.0.0-SNAPSHOT\spring-boot-starter-json-3.0.0-SNAPSHOT.jar;C:\Users\hp\.m2\repository\com\fasterxml\jackson\core\jackson-databind\2.13.2\jackson-databind-2.13.2.jar;C:\Users\hp\.m2\repository\com\fasterxml\jackson\core\jackson-annotations\2.13.2\jackson-annotations-2.13.2.jar;C:\Users\hp\.m2\repository\com\fasterxml\jackson\core\jackson-core\2.13.2\jackson-core-2.13.2.jar;C:\Users\hp\.m2\repository\com\fasterxml\jackson\datatype\jackson-datatype-jdk8\2.13.2\jackson-datatype-jdk8-2.13.2.jar;C:\Users\hp\.m2\repository\com\fasterxml\jackson\datatype\jackson-datatype-jsr310\2.13.2\jackson-datatype-jsr310-2.13.2.jar;C:\Users\hp\.m2\repository\com\fasterxml\jackson\module\jackson-module-parameter-names\2.13.2\jackson-module-parameter-names-2.13.2.jar;C:\Users\hp\.m2\repository\org\springframework\boot\spring-boot-starter-tomcat\3.0.0-SNAPSHOT\spring-boot-starter-tomcat-3.0.0-SNAPSHOT.jar;C:\Users\hp\.m2\repository\org\apache\tomcat\embed\tomcat-embed-core\10.0.18\tomcat-embed-core-10.0.18.jar;C:\Users\hp\.m2\repository\org\apache\tomcat\embed\tomcat-embed-el\10.0.18\tomcat-embed-el-10.0.18.jar;C:\Users\hp\.m2\repository\org\apache\tomcat\embed\tomcat-embed-websocket\10.0.18\tomcat-embed-websocket-10.0.18.jar;C:\Users\hp\.m2\repository\org\springframework\spring-web\6.0.0-M3\spring-web-6.0.0-M3.jar;C:\Users\hp\.m2\repository\org\springframework\spring-webmvc\6.0.0-M3\spring-webmvc-6.0.0-M3.jar;C:\Users\hp\.m2\repository\org\springframework\spring-expression\6.0.0-M3\spring-expression-6.0.0-M3.jar;C:\Users\hp\.m2\repository\org\springframework\boot\spring-boot-starter-security\3.0.0-SNAPSHOT\spring-boot-starter-security-3.0.0-SNAPSHOT.jar;C:\Users\hp\.m2\repository\org\springframework\spring-aop\6.0.0-M3\spring-aop-6.0.0-M3.jar;C:\Users\hp\.m2\repository\org\springframework\security\spring-security-config\6.0.0-SNAPSHOT\spring-security-config-6.0.0-SNAPSHOT.jar;C:\Users\hp\.m2\repository\org\springframework\security\spring-security-core\6.0.0-SNAPSHOT\spring-security-core-6.0.0-SNAPSHOT.jar;C:\Users\hp\.m2\repository\org\springframework\security\spring-security-crypto\6.0.0-SNAPSHOT\spring-security-crypto-6.0.0-SNAPSHOT.jar;C:\Users\hp\.m2\repository\org\springframework\security\spring-security-web\6.0.0-SNAPSHOT\spring-security-web-6.0.0-SNAPSHOT.jar;C:\Users\hp\.m2\repository\org\springframework\boot\spring-boot-devtools\3.0.0-SNAPSHOT\spring-boot-devtools-3.0.0-SNAPSHOT.jar;C:\Users\hp\.m2\repository\org\springframework\boot\spring-boot\3.0.0-SNAPSHOT\spring-boot-3.0.0-SNAPSHOT.jar;C:\Users\hp\.m2\repository\org\springframework\boot\spring-boot-autoconfigure\3.0.0-SNAPSHOT\spring-boot-autoconfigure-3.0.0-SNAPSHOT.jar;C:\Users\hp\.m2\repository\mysql\mysql-connector-java\8.0.28\mysql-connector-java-8.0.28.jar;C:\Users\hp\.m2\repository\org\springframework\boot\spring-boot-starter-test\3.0.0-SNAPSHOT\spring-boot-starter-test-3.0.0-SNAPSHOT.jar;C:\Users\hp\.m2\repository\org\springframework\boot\spring-boot-test\3.0.0-SNAPSHOT\spring-boot-test-3.0.0-SNAPSHOT.jar;C:\Users\hp\.m2\repository\org\springframework\boot\spring-boot-test-autoconfigure\3.0.0-SNAPSHOT\spring-boot-test-autoconfigure-3.0.0-SNAPSHOT.jar;C:\Users\hp\.m2\repository\com\jayway\jsonpath\json-path\2.7.0\json-path-2.7.0.jar;C:\Users\hp\.m2\repository\net\minidev\json-smart\2.4.8\json-smart-2.4.8.jar;C:\Users\hp\.m2\repository\net\minidev\accessors-smart\2.4.8\accessors-smart-2.4.8.jar;C:\Users\hp\.m2\repository\org\ow2\asm\asm\9.1\asm-9.1.jar;C:\Users\hp\.m2\repository\jakarta\xml\bind\jakarta.xml.bind-api\3.0.1\jakarta.xml.bind-api-3.0.1.jar;C:\Users\hp\.m2\repository\com\sun\activation\jakarta.activation\2.0.1\jakarta.activation-2.0.1.jar;C:\Users\hp\.m2\repository\org\assertj\assertj-core\3.22.0\assertj-core-3.22.0.jar;C:\Users\hp\.m2\repository\org\hamcrest\hamcrest\2.2\hamcrest-2.2.jar;C:\Users\hp\.m2\repository\org\junit\jupiter\junit-jupiter\5.8.2\junit-jupiter-5.8.2.jar;C:\Users\hp\.m2\repository\org\junit\jupiter\junit-jupiter-api\5.8.2\junit-jupiter-api-5.8.2.jar;C:\Users\hp\.m2\repository\org\opentest4j\opentest4j\1.2.0\opentest4j-1.2.0.jar;C:\Users\hp\.m2\repository\org\junit\platform\junit-platform-commons\1.8.2\junit-platform-commons-1.8.2.jar;C:\Users\hp\.m2\repository\org\apiguardian\apiguardian-api\1.1.2\apiguardian-api-1.1.2.jar;C:\Users\hp\.m2\repository\org\junit\jupiter\junit-jupiter-params\5.8.2\junit-jupiter-params-5.8.2.jar;C:\Users\hp\.m2\repository\org\junit\jupiter\junit-jupiter-engine\5.8.2\junit-jupiter-engine-5.8.2.jar;C:\Users\hp\.m2\repository\org\junit\platform\junit-platform-engine\1.8.2\junit-platform-engine-1.8.2.jar;C:\Users\hp\.m2\repository\org\mockito\mockito-core\4.4.0\mockito-core-4.4.0.jar;C:\Users\hp\.m2\repository\net\bytebuddy\byte-buddy-agent\1.12.8\byte-buddy-agent-1.12.8.jar;C:\Users\hp\.m2\repository\org\objenesis\objenesis\3.2\objenesis-3.2.jar;C:\Users\hp\.m2\repository\org\mockito\mockito-junit-jupiter\4.4.0\mockito-junit-jupiter-4.4.0.jar;C:\Users\hp\.m2\repository\org\skyscreamer\jsonassert\1.5.0\jsonassert-1.5.0.jar;C:\Users\hp\.m2\repository\com\vaadin\external\google\android-json\0.0.20131108.vaadin1\android-json-0.0.20131108.vaadin1.jar;C:\Users\hp\.m2\repository\org\springframework\spring-core\6.0.0-M3\spring-core-6.0.0-M3.jar;C:\Users\hp\.m2\repository\org\springframework\spring-jcl\6.0.0-M3\spring-jcl-6.0.0-M3.jar;C:\Users\hp\.m2\repository\org\springframework\spring-test\6.0.0-M3\spring-test-6.0.0-M3.jar;C:\Users\hp\.m2\repository\org\xmlunit\xmlunit-core\2.9.0\xmlunit-core-2.9.0.jar;"/>
    <property name="sun.cpu.endian" value="little"/>
    <property name="user.home" value="C:\Users\hp"/>
    <property name="user.language" value="en"/>
    <property name="java.specification.vendor" value="Oracle Corporation"/>
    <property name="java.version.date" value="2022-01-18"/>
    <property name="java.home" value="C:\Users\hp\.p2\pool\plugins\org.eclipse.justj.openjdk.hotspot.jre.full.win32.x86_64_17.0.2.v20220201-1208\jre"/>
    <property name="file.separator" value="\"/>
    <property name="basedir" value="C:\Users\hp\Desktop\Project_1\Project"/>
    <property name="java.vm.compressedOopsMode" value="32-bit"/>
    <property name="line.separator" value="&#10;"/>
    <property name="java.vm.specification.vendor" value="Oracle Corporation"/>
    <property name="java.specification.name" value="Java Platform API Specification"/>
    <property name="surefire.real.class.path" value="C:\Users\hp\AppData\Local\Temp\surefire8443136181181097823\surefirebooter12990726527984340724.jar"/>
    <property name="user.script" value=""/>
    <property name="sun.management.compiler" value="HotSpot 64-Bit Tiered Compilers"/>
    <property name="java.runtime.version" value="17.0.2+8"/>
    <property name="user.name" value="hp"/>
    <property name="path.separator" value=";"/>
    <property name="os.version" value="10.0"/>
    <property name="java.runtime.name" value="OpenJDK Runtime Environment"/>
    <property name="file.encoding" value="Cp1252"/>
    <property name="java.vm.name" value="OpenJDK 64-Bit Server VM"/>
    <property name="java.vendor.version" value="Temurin-17.0.2+8"/>
    <property name="localRepository" value="C:\Users\hp\.m2\repository"/>
    <property name="java.vendor.url.bug" value="https://github.com/adoptium/adoptium-support/issues"/>
    <property name="java.io.tmpdir" value="C:\Users\hp\AppData\Local\Temp\"/>
    <property name="java.version" value="17.0.2"/>
    <property name="user.dir" value="C:\Users\hp\Desktop\Project_1\Project"/>
    <property name="os.arch" value="amd64"/>
    <property name="java.vm.specification.name" value="Java Virtual Machine Specification"/>
    <property name="sun.os.patch.level" value=""/>
    <property name="native.encoding" value="Cp1252"/>
    <property name="java.library.path" value="C:\Users\hp\.p2\pool\plugins\org.eclipse.justj.openjdk.hotspot.jre.full.win32.x86_64_17.0.2.v20220201-1208\jre\bin;C:\WINDOWS\Sun\Java\bin;C:\WINDOWS\system32;C:\WINDOWS;C:/Users/hp/.p2/pool/plugins/org.eclipse.justj.openjdk.hotspot.jre.full.win32.x86_64_17.0.2.v20220201-1208/jre/bin/server;C:/Users/hp/.p2/pool/plugins/org.eclipse.justj.openjdk.hotspot.jre.full.win32.x86_64_17.0.2.v20220201-1208/jre/bin;C:\Program Files (x86)\Common Files\Oracle\Java\javapath;C:\Program Files\Python310\Scripts\;C:\Program Files\Python310\;C:\WINDOWS\system32;C:\WINDOWS;C:\WINDOWS\System32\Wbem;C:\WINDOWS\System32\WindowsPowerShell\v1.0\;C:\WINDOWS\System32\OpenSSH\;C:\MinGW\bin;C:\Program Files\Git\cmd;C:\Program Files\Java\jdk1.8.0_321\bin;C:\Users\hp\AppData\Local\Programs\Microsoft VS Code\bin;C:\Users\hp\Desktop;;."/>
    <property name="java.vm.info" value="mixed mode"/>
    <property name="java.vendor" value="Eclipse Adoptium"/>
    <property name="java.vm.version" value="17.0.2+8"/>
    <property name="sun.io.unicode.encoding" value="UnicodeLittle"/>
    <property name="java.class.version" value="61.0"/>
  </properties>
  <testcase name="contextLoads" classname="com.project.Project.ProjectApplicationTests" time="0.653"/>
</testsuite>